<?xml version="1.0" encoding="UTF-8" ?>
<testsuite tests="13" failures="0" name="createAccount.TestCukes" time="0" errors="0" skipped="0">
  <properties>
[...]
</properties>
  <testcase classname="Scenario: For valid customer create new Account" name="Given customer details" time="0"/>
  <testcase classname="Scenario: For valid customer create new Account" name="When Valid customer" time="0"/>
  <testcase classname="Scenario: For valid customer create new Account" name="And valid opening balance" time="0"/>
  <testcase classname="Scenario: For valid customer create new Account" name="Then create new Account" time="0"/>
  <testcase classname="Scenario: For valid customer create new Account" name="Scenario: For valid customer create new Account" time="0"/>
  <testcase classname="Scenario: For Invalid customer" name="Given Customer details" time="0"/>
  <testcase classname="Scenario: For Invalid customer" name="When Invalid Customer" time="0"/>
  <testcase classname="Scenario: For Invalid customer" name="Then throw &apos;Invalid Customer&apos; error message" time="0"/>
  <testcase classname="Scenario: For Invalid customer" name="Scenario: For Invalid customer" time="0"/>
  <testcase classname="Scenario: For Invalid Opening Balance" name="Given Customer details and opening balance" time="0"/>
  <testcase classname="Scenario: For Invalid Opening Balance" name="When Invalid opening balance" time="0"/>
  <testcase classname="Scenario: For Invalid Opening Balance" name="Then throw &apos;Insufficient Balance&apos; error message" time="0"/>
  <testcase classname="Scenario: For Invalid Opening Balance" name="Scenario: For Invalid Opening Balance" time="0"/>
</testsuite>